<?xml version="1.0" encoding="UTF-8"?>
<testsuite name="com.jiyun.book.springboot.web.dto.IndexControllerTest" tests="1" skipped="0" failures="0" errors="0" timestamp="2021-02-28T05:19:56" hostname="jiyun4251-ZenBook-UX481FL-UX481FL" time="0.264">
  <properties/>
  <testcase name="메인페이지_로딩" classname="com.jiyun.book.springboot.web.dto.IndexControllerTest" time="0.264"/>
  <system-out><![CDATA[14:19:51.962 [Test worker] DEBUG org.springframework.test.context.junit4.SpringJUnit4ClassRunner - SpringJUnit4ClassRunner constructor called with [class com.jiyun.book.springboot.web.dto.IndexControllerTest]
14:19:51.968 [Test worker] DEBUG org.springframework.test.context.BootstrapUtils - Instantiating CacheAwareContextLoaderDelegate from class [org.springframework.test.context.cache.DefaultCacheAwareContextLoaderDelegate]
14:19:51.989 [Test worker] DEBUG org.springframework.test.context.BootstrapUtils - Instantiating BootstrapContext using constructor [public org.springframework.test.context.support.DefaultBootstrapContext(java.lang.Class,org.springframework.test.context.CacheAwareContextLoaderDelegate)]
14:19:52.013 [Test worker] DEBUG org.springframework.test.context.BootstrapUtils - Instantiating TestContextBootstrapper for test class [com.jiyun.book.springboot.web.dto.IndexControllerTest] from class [org.springframework.boot.test.context.SpringBootTestContextBootstrapper]
14:19:52.027 [Test worker] INFO org.springframework.boot.test.context.SpringBootTestContextBootstrapper - Neither @ContextConfiguration nor @ContextHierarchy found for test class [com.jiyun.book.springboot.web.dto.IndexControllerTest], using SpringBootContextLoader
14:19:52.031 [Test worker] DEBUG org.springframework.test.context.support.AbstractContextLoader - Did not detect default resource location for test class [com.jiyun.book.springboot.web.dto.IndexControllerTest]: class path resource [com/jiyun/book/springboot/web/dto/IndexControllerTest-context.xml] does not exist
14:19:52.032 [Test worker] DEBUG org.springframework.test.context.support.AbstractContextLoader - Did not detect default resource location for test class [com.jiyun.book.springboot.web.dto.IndexControllerTest]: class path resource [com/jiyun/book/springboot/web/dto/IndexControllerTestContext.groovy] does not exist
14:19:52.033 [Test worker] INFO org.springframework.test.context.support.AbstractContextLoader - Could not detect default resource locations for test class [com.jiyun.book.springboot.web.dto.IndexControllerTest]: no resource found for suffixes {-context.xml, Context.groovy}.
14:19:52.034 [Test worker] INFO org.springframework.test.context.support.AnnotationConfigContextLoaderUtils - Could not detect default configuration classes for test class [com.jiyun.book.springboot.web.dto.IndexControllerTest]: IndexControllerTest does not declare any static, non-private, non-final, nested classes annotated with @Configuration.
14:19:52.073 [Test worker] DEBUG org.springframework.test.context.support.ActiveProfilesUtils - Could not find an 'annotation declaring class' for annotation type [org.springframework.test.context.ActiveProfiles] and class [com.jiyun.book.springboot.web.dto.IndexControllerTest]
14:19:52.158 [Test worker] DEBUG org.springframework.context.annotation.ClassPathScanningCandidateComponentProvider - Identified candidate component class: file [/home/jiyun4251/IdeaProjects/springboot-start/build/classes/java/test/com/jiyun/book/springboot/Application.class]
14:19:52.160 [Test worker] DEBUG org.springframework.context.annotation.ClassPathScanningCandidateComponentProvider - Identified candidate component class: file [/home/jiyun4251/IdeaProjects/springboot-start/build/classes/java/main/com/jiyun/book/springboot/Application.class]
14:19:52.161 [Test worker] INFO org.springframework.boot.test.context.SpringBootTestContextBootstrapper - Found @SpringBootConfiguration com.jiyun.book.springboot.Application for test class com.jiyun.book.springboot.web.dto.IndexControllerTest
14:19:52.233 [Test worker] DEBUG org.springframework.boot.test.context.SpringBootTestContextBootstrapper - @TestExecutionListeners is not present for class [com.jiyun.book.springboot.web.dto.IndexControllerTest]: using defaults.
14:19:52.234 [Test worker] INFO org.springframework.boot.test.context.SpringBootTestContextBootstrapper - Loaded default TestExecutionListener class names from location [META-INF/spring.factories]: [org.springframework.boot.test.autoconfigure.restdocs.RestDocsTestExecutionListener, org.springframework.boot.test.autoconfigure.web.client.MockRestServiceServerResetTestExecutionListener, org.springframework.boot.test.autoconfigure.web.servlet.MockMvcPrintOnlyOnFailureTestExecutionListener, org.springframework.boot.test.autoconfigure.web.servlet.WebDriverTestExecutionListener, org.springframework.boot.test.mock.mockito.MockitoTestExecutionListener, org.springframework.boot.test.mock.mockito.ResetMocksTestExecutionListener, org.springframework.test.context.web.ServletTestExecutionListener, org.springframework.test.context.support.DirtiesContextBeforeModesTestExecutionListener, org.springframework.test.context.support.DependencyInjectionTestExecutionListener, org.springframework.test.context.support.DirtiesContextTestExecutionListener, org.springframework.test.context.transaction.TransactionalTestExecutionListener, org.springframework.test.context.jdbc.SqlScriptsTestExecutionListener]
14:19:52.250 [Test worker] INFO org.springframework.boot.test.context.SpringBootTestContextBootstrapper - Using TestExecutionListeners: [org.springframework.test.context.web.ServletTestExecutionListener@5bd1f0a7, org.springframework.test.context.support.DirtiesContextBeforeModesTestExecutionListener@16df6d6f, org.springframework.boot.test.mock.mockito.MockitoTestExecutionListener@1408da85, org.springframework.boot.test.autoconfigure.SpringBootDependencyInjectionTestExecutionListener@2f502fa4, org.springframework.test.context.support.DirtiesContextTestExecutionListener@7bd0b621, org.springframework.test.context.transaction.TransactionalTestExecutionListener@16890821, org.springframework.test.context.jdbc.SqlScriptsTestExecutionListener@44872487, org.springframework.boot.test.autoconfigure.restdocs.RestDocsTestExecutionListener@6a041ebc, org.springframework.boot.test.autoconfigure.web.client.MockRestServiceServerResetTestExecutionListener@141bcc63, org.springframework.boot.test.autoconfigure.web.servlet.MockMvcPrintOnlyOnFailureTestExecutionListener@4a8d06c1, org.springframework.boot.test.autoconfigure.web.servlet.WebDriverTestExecutionListener@37d3b00b, org.springframework.boot.test.mock.mockito.ResetMocksTestExecutionListener@7d68a9b3]
14:19:52.253 [Test worker] DEBUG org.springframework.test.annotation.ProfileValueUtils - Retrieved @ProfileValueSourceConfiguration [null] for test class [com.jiyun.book.springboot.web.dto.IndexControllerTest]
14:19:52.254 [Test worker] DEBUG org.springframework.test.annotation.ProfileValueUtils - Retrieved ProfileValueSource type [class org.springframework.test.annotation.SystemProfileValueSource] for class [com.jiyun.book.springboot.web.dto.IndexControllerTest]
14:19:52.257 [Test worker] DEBUG org.springframework.test.annotation.ProfileValueUtils - Retrieved @ProfileValueSourceConfiguration [null] for test class [com.jiyun.book.springboot.web.dto.IndexControllerTest]
14:19:52.257 [Test worker] DEBUG org.springframework.test.annotation.ProfileValueUtils - Retrieved ProfileValueSource type [class org.springframework.test.annotation.SystemProfileValueSource] for class [com.jiyun.book.springboot.web.dto.IndexControllerTest]
14:19:52.258 [Test worker] DEBUG org.springframework.test.annotation.ProfileValueUtils - Retrieved @ProfileValueSourceConfiguration [null] for test class [com.jiyun.book.springboot.web.dto.IndexControllerTest]
14:19:52.258 [Test worker] DEBUG org.springframework.test.annotation.ProfileValueUtils - Retrieved ProfileValueSource type [class org.springframework.test.annotation.SystemProfileValueSource] for class [com.jiyun.book.springboot.web.dto.IndexControllerTest]
14:19:52.261 [Test worker] DEBUG org.springframework.test.context.support.AbstractDirtiesContextTestExecutionListener - Before test class: context [DefaultTestContext@7bbbc192 testClass = IndexControllerTest, testInstance = [null], testMethod = [null], testException = [null], mergedContextConfiguration = [WebMergedContextConfiguration@122716e testClass = IndexControllerTest, locations = '{}', classes = '{class com.jiyun.book.springboot.Application}', contextInitializerClasses = '[]', activeProfiles = '{}', propertySourceLocations = '{}', propertySourceProperties = '{org.springframework.boot.test.context.SpringBootTestContextBootstrapper=true, server.port=0}', contextCustomizers = set[org.springframework.boot.test.autoconfigure.properties.PropertyMappingContextCustomizer@0, org.springframework.boot.test.autoconfigure.web.servlet.WebDriverContextCustomizerFactory$Customizer@301fac21, org.springframework.boot.test.context.filter.ExcludeFilterContextCustomizer@aaf8411, org.springframework.boot.test.json.DuplicateJsonObjectContextCustomizerFactory$DuplicateJsonObjectContextCustomizer@3aeca9a3, org.springframework.boot.test.mock.mockito.MockitoContextCustomizer@0, org.springframework.boot.test.web.client.TestRestTemplateContextCustomizer@3ef1c6ee], resourceBasePath = 'src/main/webapp', contextLoader = 'org.springframework.boot.test.context.SpringBootContextLoader', parent = [null]], attributes = map['org.springframework.test.context.web.ServletTestExecutionListener.activateListener' -> false]], class annotated with @DirtiesContext [false] with mode [null].
14:19:52.262 [Test worker] DEBUG org.springframework.test.annotation.ProfileValueUtils - Retrieved @ProfileValueSourceConfiguration [null] for test class [com.jiyun.book.springboot.web.dto.IndexControllerTest]
14:19:52.262 [Test worker] DEBUG org.springframework.test.annotation.ProfileValueUtils - Retrieved ProfileValueSource type [class org.springframework.test.annotation.SystemProfileValueSource] for class [com.jiyun.book.springboot.web.dto.IndexControllerTest]
14:19:52.267 [Test worker] DEBUG org.springframework.test.context.support.DependencyInjectionTestExecutionListener - Performing dependency injection for test context [[DefaultTestContext@7bbbc192 testClass = IndexControllerTest, testInstance = com.jiyun.book.springboot.web.dto.IndexControllerTest@a0fb2ac, testMethod = [null], testException = [null], mergedContextConfiguration = [WebMergedContextConfiguration@122716e testClass = IndexControllerTest, locations = '{}', classes = '{class com.jiyun.book.springboot.Application}', contextInitializerClasses = '[]', activeProfiles = '{}', propertySourceLocations = '{}', propertySourceProperties = '{org.springframework.boot.test.context.SpringBootTestContextBootstrapper=true, server.port=0}', contextCustomizers = set[org.springframework.boot.test.autoconfigure.properties.PropertyMappingContextCustomizer@0, org.springframework.boot.test.autoconfigure.web.servlet.WebDriverContextCustomizerFactory$Customizer@301fac21, org.springframework.boot.test.context.filter.ExcludeFilterContextCustomizer@aaf8411, org.springframework.boot.test.json.DuplicateJsonObjectContextCustomizerFactory$DuplicateJsonObjectContextCustomizer@3aeca9a3, org.springframework.boot.test.mock.mockito.MockitoContextCustomizer@0, org.springframework.boot.test.web.client.TestRestTemplateContextCustomizer@3ef1c6ee], resourceBasePath = 'src/main/webapp', contextLoader = 'org.springframework.boot.test.context.SpringBootContextLoader', parent = [null]], attributes = map['org.springframework.test.context.web.ServletTestExecutionListener.activateListener' -> false]]].
14:19:52.285 [Test worker] DEBUG org.springframework.test.context.support.TestPropertySourceUtils - Adding inlined properties to environment: {spring.jmx.enabled=false, org.springframework.boot.test.context.SpringBootTestContextBootstrapper=true, server.port=0}

  .   ____          _            __ _ _
 /\\ / ___'_ __ _ _(_)_ __  __ _ \ \ \ \
( ( )\___ | '_ | '_| | '_ \/ _` | \ \ \ \
 \\/  ___)| |_)| | | | | || (_| |  ) ) ) )
  '  |____| .__|_| |_|_| |_\__, | / / / /
 =========|_|==============|___/=/_/_/_/
 :: Spring Boot ::        (v2.1.7.RELEASE)

2021-02-28 14:19:52.510  INFO 19530 --- [    Test worker] c.j.b.s.web.dto.IndexControllerTest      : Starting IndexControllerTest on jiyun4251-ZenBook-UX481FL-UX481FL with PID 19530 (started by jiyun4251 in /home/jiyun4251/IdeaProjects/springboot-start)
2021-02-28 14:19:52.511  INFO 19530 --- [    Test worker] c.j.b.s.web.dto.IndexControllerTest      : No active profile set, falling back to default profiles: default
2021-02-28 14:19:53.140  INFO 19530 --- [    Test worker] .s.d.r.c.RepositoryConfigurationDelegate : Bootstrapping Spring Data repositories in DEFAULT mode.
2021-02-28 14:19:53.197  INFO 19530 --- [    Test worker] .s.d.r.c.RepositoryConfigurationDelegate : Finished Spring Data repository scanning in 49ms. Found 1 repository interfaces.
2021-02-28 14:19:53.569  INFO 19530 --- [    Test worker] trationDelegate$BeanPostProcessorChecker : Bean 'org.springframework.transaction.annotation.ProxyTransactionManagementConfiguration' of type [org.springframework.transaction.annotation.ProxyTransactionManagementConfiguration$$EnhancerBySpringCGLIB$$dd70efd] is not eligible for getting processed by all BeanPostProcessors (for example: not eligible for auto-proxying)
2021-02-28 14:19:53.904  INFO 19530 --- [    Test worker] o.s.b.w.embedded.tomcat.TomcatWebServer  : Tomcat initialized with port(s): 0 (http)
2021-02-28 14:19:53.933  INFO 19530 --- [    Test worker] o.apache.catalina.core.StandardService   : Starting service [Tomcat]
2021-02-28 14:19:53.934  INFO 19530 --- [    Test worker] org.apache.catalina.core.StandardEngine  : Starting Servlet engine: [Apache Tomcat/9.0.22]
2021-02-28 14:19:54.050  INFO 19530 --- [    Test worker] o.a.c.c.C.[Tomcat].[localhost].[/]       : Initializing Spring embedded WebApplicationContext
2021-02-28 14:19:54.050  INFO 19530 --- [    Test worker] o.s.web.context.ContextLoader            : Root WebApplicationContext: initialization completed in 1520 ms
2021-02-28 14:19:54.308  INFO 19530 --- [    Test worker] com.zaxxer.hikari.HikariDataSource       : HikariPool-1 - Starting...
2021-02-28 14:19:54.434  INFO 19530 --- [    Test worker] com.zaxxer.hikari.HikariDataSource       : HikariPool-1 - Start completed.
2021-02-28 14:19:54.502  INFO 19530 --- [    Test worker] o.hibernate.jpa.internal.util.LogHelper  : HHH000204: Processing PersistenceUnitInfo [
	name: default
	...]
2021-02-28 14:19:54.564  INFO 19530 --- [    Test worker] org.hibernate.Version                    : HHH000412: Hibernate Core {5.3.10.Final}
2021-02-28 14:19:54.565  INFO 19530 --- [    Test worker] org.hibernate.cfg.Environment            : HHH000206: hibernate.properties not found
2021-02-28 14:19:54.717  INFO 19530 --- [    Test worker] o.hibernate.annotations.common.Version   : HCANN000001: Hibernate Commons Annotations {5.0.4.Final}
2021-02-28 14:19:54.831  INFO 19530 --- [    Test worker] org.hibernate.dialect.Dialect            : HHH000400: Using dialect: org.hibernate.dialect.MySQL5InnoDBDialect
Hibernate: drop table if exists posts
Hibernate: create table posts (id bigint not null auto_increment, created_date datetime, modified_date datetime, author varchar(255), content TEXT not null, title varchar(500) not null, primary key (id)) engine=InnoDB
2021-02-28 14:19:55.301  INFO 19530 --- [    Test worker] o.h.t.schema.internal.SchemaCreatorImpl  : HHH000476: Executing import script 'org.hibernate.tool.schema.internal.exec.ScriptSourceInputNonExistentImpl@3ef0eb9f'
2021-02-28 14:19:55.304  INFO 19530 --- [    Test worker] j.LocalContainerEntityManagerFactoryBean : Initialized JPA EntityManagerFactory for persistence unit 'default'
2021-02-28 14:19:55.819  INFO 19530 --- [    Test worker] o.s.s.concurrent.ThreadPoolTaskExecutor  : Initializing ExecutorService 'applicationTaskExecutor'
2021-02-28 14:19:55.860  WARN 19530 --- [    Test worker] aWebConfiguration$JpaWebMvcConfiguration : spring.jpa.open-in-view is enabled by default. Therefore, database queries may be performed during view rendering. Explicitly configure spring.jpa.open-in-view to disable this warning
2021-02-28 14:19:55.900  INFO 19530 --- [    Test worker] o.s.b.a.w.s.WelcomePageHandlerMapping    : Adding welcome page template: index
2021-02-28 14:19:56.150  INFO 19530 --- [    Test worker] o.s.b.w.embedded.tomcat.TomcatWebServer  : Tomcat started on port(s): 45819 (http) with context path ''
2021-02-28 14:19:56.152  INFO 19530 --- [    Test worker] c.j.b.s.web.dto.IndexControllerTest      : Started IndexControllerTest in 3.866 seconds (JVM running for 4.672)
2021-02-28 14:19:56.331  INFO 19530 --- [o-auto-1-exec-1] o.a.c.c.C.[Tomcat].[localhost].[/]       : Initializing Spring DispatcherServlet 'dispatcherServlet'
2021-02-28 14:19:56.331  INFO 19530 --- [o-auto-1-exec-1] o.s.web.servlet.DispatcherServlet        : Initializing Servlet 'dispatcherServlet'
2021-02-28 14:19:56.345  INFO 19530 --- [o-auto-1-exec-1] o.s.web.servlet.DispatcherServlet        : Completed initialization in 14 ms
]]></system-out>
  <system-err><![CDATA[]]></system-err>
</testsuite>
